  Matrix.cpp
C:\Users\Черный Плащ\source\repos\Alimov FA6.1\Matrix.cpp(14,23): warning C4018: <: несоответствие типов со знаком и без знака
C:\Users\Черный Плащ\source\repos\Alimov FA6.1\Matrix.cpp(22,27): warning C4018: <: несоответствие типов со знаком и без знака
C:\Users\Черный Плащ\source\repos\Alimov FA6.1\Matrix.cpp(58,23): warning C4018: <: несоответствие типов со знаком и без знака
C:\Users\Черный Плащ\source\repos\Alimov FA6.1\Matrix.cpp(60,27): warning C4018: <: несоответствие типов со знаком и без знака
C:\Users\Черный Плащ\source\repos\Alimov FA6.1\Matrix.cpp(82,23): warning C4018: <: несоответствие типов со знаком и без знака
C:\Users\Черный Плащ\source\repos\Alimov FA6.1\Matrix.cpp(84,27): warning C4018: <: несоответствие типов со знаком и без знака
C:\Users\Черный Плащ\source\repos\Alimov FA6.1\Matrix.cpp(108,27): warning C4018: <: несоответствие типов со знаком и без знака
C:\Users\Черный Плащ\source\repos\Alimov FA6.1\Matrix.cpp(110,31): warning C4018: <: несоответствие типов со знаком и без знака
C:\Users\Черный Плащ\source\repos\Alimov FA6.1\Matrix.cpp(124,23): warning C4018: <: несоответствие типов со знаком и без знака
C:\Users\Черный Плащ\source\repos\Alimov FA6.1\Matrix.cpp(125,27): warning C4018: <: несоответствие типов со знаком и без знака
C:\Users\Черный Плащ\source\repos\Alimov FA6.1\Matrix.cpp(144,27): warning C4018: <: несоответствие типов со знаком и без знака
C:\Users\Черный Плащ\source\repos\Alimov FA6.1\Matrix.cpp(146,31): warning C4018: <: несоответствие типов со знаком и без знака
C:\Users\Черный Плащ\source\repos\Alimov FA6.1\Matrix.cpp(159,27): warning C4018: <: несоответствие типов со знаком и без знака
C:\Users\Черный Плащ\source\repos\Alimov FA6.1\Matrix.cpp(161,31): warning C4018: <: несоответствие типов со знаком и без знака
C:\Users\Черный Плащ\source\repos\Alimov FA6.1\Matrix.cpp(177,27): warning C4018: <: несоответствие типов со знаком и без знака
C:\Users\Черный Плащ\source\repos\Alimov FA6.1\Matrix.cpp(179,31): warning C4018: <: несоответствие типов со знаком и без знака
C:\Users\Черный Плащ\source\repos\Alimov FA6.1\Matrix.cpp(182,35): warning C4018: <: несоответствие типов со знаком и без знака
C:\Users\Черный Плащ\source\repos\Alimov FA6.1\Matrix.cpp(194,30): warning C4018: >=: несоответствие типов со знаком и без знака
C:\Users\Черный Плащ\source\repos\Alimov FA6.1\Matrix.cpp(194,59): warning C4018: >=: несоответствие типов со знаком и без знака
C:\Users\Черный Плащ\source\repos\Alimov FA6.1\Matrix.cpp(228,27): warning C4018: <: несоответствие типов со знаком и без знака
C:\Users\Черный Плащ\source\repos\Alimov FA6.1\Matrix.cpp(230,31): warning C4018: <: несоответствие типов со знаком и без знака
C:\Users\Черный Плащ\source\repos\Alimov FA6.1\Matrix.cpp(243,23): warning C4018: <: несоответствие типов со знаком и без знака
C:\Users\Черный Плащ\source\repos\Alimov FA6.1\Matrix.cpp(245,27): warning C4018: <: несоответствие типов со знаком и без знака
C:\Users\Черный Плащ\source\repos\Alimov FA6.1\Matrix.cpp(257,23): warning C4018: <: несоответствие типов со знаком и без знака
C:\Users\Черный Плащ\source\repos\Alimov FA6.1\Matrix.cpp(259,27): warning C4018: <: несоответствие типов со знаком и без знака
C:\Users\Черный Плащ\source\repos\Alimov FA6.1\Matrix.cpp(277,23): warning C4018: <: несоответствие типов со знаком и без знака
C:\Users\Черный Плащ\source\repos\Alimov FA6.1\Matrix.cpp(279,27): warning C4018: <: несоответствие типов со знаком и без знака
C:\Users\Черный Плащ\source\repos\Alimov FA6.1\Matrix.cpp(304,23): warning C4018: <: несоответствие типов со знаком и без знака
C:\Users\Черный Плащ\source\repos\Alimov FA6.1\Matrix.cpp(311,35): warning C4018: <: несоответствие типов со знаком и без знака
C:\Users\Черный Плащ\source\repos\Alimov FA6.1\Matrix.cpp(321,35): warning C4018: <: несоответствие типов со знаком и без знака
C:\Users\Черный Плащ\source\repos\Alimov FA6.1\Matrix.cpp(328,27): warning C4018: <: несоответствие типов со знаком и без знака
C:\Users\Черный Плащ\source\repos\Alimov FA6.1\Matrix.cpp(332,35): warning C4018: <: несоответствие типов со знаком и без знака
C:\Users\Черный Плащ\source\repos\Alimov FA6.1\Matrix.cpp(345,23): warning C4018: <: несоответствие типов со знаком и без знака
C:\Users\Черный Плащ\source\repos\Alimov FA6.1\Matrix.cpp(347,27): warning C4018: <: несоответствие типов со знаком и без знака
C:\Users\Черный Плащ\source\repos\Alimov FA6.1\Matrix.cpp(365,23): warning C4018: <: несоответствие типов со знаком и без знака
C:\Users\Черный Плащ\source\repos\Alimov FA6.1\Matrix.cpp(370,27): warning C4018: <: несоответствие типов со знаком и без знака
C:\Users\Черный Плащ\source\repos\Alimov FA6.1\Matrix.cpp(374,35): warning C4018: <: несоответствие типов со знаком и без знака
C:\Users\Черный Плащ\source\repos\Alimov FA6.1\Matrix.cpp(385,25): warning C4018: >: несоответствие типов со знаком и без знака
C:\Users\Черный Плащ\source\repos\Alimov FA6.1\Matrix.cpp(390,23): warning C4018: <: несоответствие типов со знаком и без знака
C:\Users\Черный Плащ\source\repos\Alimov FA6.1\Matrix.cpp(405,23): warning C4018: <: несоответствие типов со знаком и без знака
C:\Users\Черный Плащ\source\repos\Alimov FA6.1\Matrix.cpp(407,27): warning C4018: <: несоответствие типов со знаком и без знака
C:\Users\Черный Плащ\source\repos\Alimov FA6.1\Matrix.cpp(419,23): warning C4018: <: несоответствие типов со знаком и без знака
C:\Users\Черный Плащ\source\repos\Alimov FA6.1\Matrix.cpp(438,23): warning C4018: <: несоответствие типов со знаком и без знака
C:\Users\Черный Плащ\source\repos\Alimov FA6.1\Matrix.cpp(440,27): warning C4018: <: несоответствие типов со знаком и без знака
C:\Users\Черный Плащ\source\repos\Alimov FA6.1\Matrix.cpp(452,23): warning C4018: <: несоответствие типов со знаком и без знака
  Alimov FA6.1.vcxproj -> C:\Users\Черный Плащ\source\repos\Alimov FA6.1\Debug\Alimov FA6.1.exe
